<?xml version="1.0" encoding="UTF-8"?>
<!-- Generated by org.testng.reporters.JUnitXMLReporter -->
<testsuite ignored="0" hostname="Abdul-Hamid-MJKQITO" failures="0" tests="5" name="Surefire test" time="16.207" errors="0" timestamp="03 Jul 2020 18:15:37 GMT">
  <testcase classname="seleniumMaven.testMaven.loginPageTest" name="assertMethod" time="0.001"/>
  <testcase classname="seleniumMaven.testMaven.loginPageTest" name="loginGuru99Demo" time="4.595"/>
  <testcase classname="seleniumMaven.testMaven.loginPageTest" name="method2" time="0.0"/>
  <testcase classname="seleniumMaven.testMaven.loginPageTest" name="method3" time="0.0"/>
  <testcase classname="seleniumMaven.testMaven.loginPageTest" name="method4" time="0.0"/>
</testsuite> <!-- Surefire test -->
