<?xml version="1.0" encoding="UTF-8"?>
<!-- Generated by org.testng.reporters.JUnitXMLReporter -->
<testsuite ignored="0" hostname="Abdul-Hamid-MJKQITO" failures="0" tests="6" name="Default test" time="9.647" errors="0" timestamp="2020-07-03T16:22:16 IST">
  <testcase classname="seleniumMaven.testMaven.AppTest" name="afterMethodQuit" time="0.655"/>
  <testcase classname="seleniumMaven.testMaven.AppTest" name="assertMethod" time="0.002"/>
  <testcase classname="seleniumMaven.testMaven.AppTest" name="method1" time="0.0"/>
  <testcase classname="seleniumMaven.testMaven.AppTest" name="method2" time="0.001"/>
  <testcase classname="seleniumMaven.testMaven.AppTest" name="method3" time="0.001"/>
  <testcase classname="seleniumMaven.testMaven.AppTest" name="method4" time="0.001"/>
</testsuite> <!-- Default test -->
