<?xml version="1.0" encoding="UTF-8"?>
<!-- Generated by org.testng.reporters.JUnitXMLReporter -->
<testsuite ignored="0" hostname="Abdul-Hamid-MJKQITO" failures="0" tests="5" name="TestLogin" time="13.175" errors="0" timestamp="2020-07-04T02:06:18 IST">
  <testcase classname="seleniumMaven.testMaven.loginPageTest" name="assertMethod" time="0.007"/>
  <testcase classname="seleniumMaven.testMaven.loginPageTest" name="loginGuru99Demo" time="3.069"/>
  <testcase classname="seleniumMaven.testMaven.loginPageTest" name="method2" time="0.003"/>
  <testcase classname="seleniumMaven.testMaven.loginPageTest" name="method3" time="0.004"/>
  <testcase classname="seleniumMaven.testMaven.loginPageTest" name="method4" time="0.002"/>
</testsuite> <!-- TestLogin -->
