<?xml version="1.0" encoding="UTF-8"?>
<!-- Generated by org.testng.reporters.JUnitXMLReporter -->
<testsuite ignored="0" hostname="Abdul-Hamid-MJKQITO" failures="0" tests="6" name="Test" time="14.99" errors="0" timestamp="2020-07-04T00:03:11 IST">
  <testcase classname="seleniumMaven.testMaven.loginPageTest" name="assertMethod" time="0.007"/>
  <testcase classname="seleniumMaven.testMaven.loginPageTest" name="loginGuru99Demo" time="4.087"/>
  <testcase classname="seleniumMaven.testMaven.loginPageTest" name="method2" time="0.004"/>
  <testcase classname="seleniumMaven.testMaven.loginPageTest" name="method3" time="0.003"/>
  <testcase classname="seleniumMaven.testMaven.loginPageTest" name="method4" time="0.003"/>
  <testcase classname="seleniumMaven.testMaven.regPageTest" name="landingPageTest" time="0.049"/>
</testsuite> <!-- Test -->
