<?xml version="1.0" encoding="UTF-8"?>
<testsuite xmlns:xsi="http://www.w3.org/2001/XMLSchema-instance" xsi:noNamespaceSchemaLocation="https://maven.apache.org/surefire/maven-surefire-plugin/xsd/surefire-test-report.xsd" name="seleniumMaven.testMaven.loginPageTest" time="16.722" tests="5" errors="0" skipped="0" failures="0">
  <properties>
[...]
</properties>
  <testcase name="assertMethod" classname="seleniumMaven.testMaven.loginPageTest" time="0.003"/>
  <testcase name="loginGuru99Demo" classname="seleniumMaven.testMaven.loginPageTest" time="4.591"/>
  <testcase name="method2" classname="seleniumMaven.testMaven.loginPageTest" time="0"/>
  <testcase name="method3" classname="seleniumMaven.testMaven.loginPageTest" time="0.001"/>
  <testcase name="method4" classname="seleniumMaven.testMaven.loginPageTest" time="0.001"/>
</testsuite>