<?xml version="1.0" encoding="UTF-8"?>
<testng-results ignored="0" total="5" passed="5" failed="0" skipped="0">
  <reporter-output>
  </reporter-output>
  <suite started-at="2020-07-04T02:09:54 IST" name="Default suite" finished-at="2020-07-04T02:10:07 IST" duration-ms="12937">
    <groups>
    </groups>
    <test started-at="2020-07-04T02:09:54 IST" name="Default test" finished-at="2020-07-04T02:10:07 IST" duration-ms="12937">
      <class name="seleniumMaven.testMaven.loginPageTest">
        <test-method is-config="true" signature="configMethod()[pri:0, instance:seleniumMaven.testMaven.loginPageTest@3c9d0b9d]" started-at="2020-07-04T02:09:54 IST" name="configMethod" finished-at="2020-07-04T02:10:03 IST" duration-ms="8867" status="PASS">
          <reporter-output>
          </reporter-output>
        </test-method> <!-- configMethod -->
        <test-method signature="assertMethod()[pri:0, instance:seleniumMaven.testMaven.loginPageTest@3c9d0b9d]" started-at="2020-07-04T02:10:03 IST" name="assertMethod" finished-at="2020-07-04T02:10:03 IST" duration-ms="4" status="PASS">
          <reporter-output>
          </reporter-output>
        </test-method> <!-- assertMethod -->
        <test-method signature="loginGuru99Demo()[pri:0, instance:seleniumMaven.testMaven.loginPageTest@3c9d0b9d]" started-at="2020-07-04T02:10:03 IST" name="loginGuru99Demo" finished-at="2020-07-04T02:10:07 IST" duration-ms="3369" status="PASS">
          <reporter-output>
          </reporter-output>
        </test-method> <!-- loginGuru99Demo -->
        <test-method signature="method2()[pri:0, instance:seleniumMaven.testMaven.loginPageTest@3c9d0b9d]" started-at="2020-07-04T02:10:07 IST" name="method2" finished-at="2020-07-04T02:10:07 IST" duration-ms="1" status="PASS">
          <reporter-output>
          </reporter-output>
        </test-method> <!-- method2 -->
        <test-method signature="method3()[pri:0, instance:seleniumMaven.testMaven.loginPageTest@3c9d0b9d]" started-at="2020-07-04T02:10:07 IST" name="method3" finished-at="2020-07-04T02:10:07 IST" duration-ms="1" status="PASS">
          <reporter-output>
          </reporter-output>
        </test-method> <!-- method3 -->
        <test-method signature="method4()[pri:0, instance:seleniumMaven.testMaven.loginPageTest@3c9d0b9d]" started-at="2020-07-04T02:10:07 IST" name="method4" finished-at="2020-07-04T02:10:07 IST" duration-ms="2" status="PASS">
          <reporter-output>
          </reporter-output>
        </test-method> <!-- method4 -->
        <test-method is-config="true" signature="afterTesting()[pri:0, instance:seleniumMaven.testMaven.loginPageTest@3c9d0b9d]" started-at="2020-07-04T02:10:07 IST" name="afterTesting" finished-at="2020-07-04T02:10:07 IST" duration-ms="660" status="PASS">
          <reporter-output>
          </reporter-output>
        </test-method> <!-- afterTesting -->
      </class> <!-- seleniumMaven.testMaven.loginPageTest -->
    </test> <!-- Default test -->
  </suite> <!-- Default suite -->
</testng-results>
