<?xml version="1.0" encoding="UTF-8"?>
<testng-results ignored="0" total="1" passed="1" failed="0" skipped="0">
  <reporter-output>
  </reporter-output>
  <suite started-at="2022-11-29T00:50:59 IST" name="Default suite" finished-at="2022-11-29T00:51:44 IST" duration-ms="44306">
    <groups>
    </groups>
    <test started-at="2022-11-29T00:50:59 IST" name="Default test" finished-at="2022-11-29T00:51:44 IST" duration-ms="44306">
      <class name="seleniumMaven.testMaven.loginPageTest">
        <test-method is-config="true" signature="configMethod()[pri:0, instance:seleniumMaven.testMaven.loginPageTest@4efc180e]" started-at="2022-11-29T00:50:59 IST" name="configMethod" finished-at="2022-11-29T00:51:40 IST" duration-ms="40335" status="PASS">
          <reporter-output>
          </reporter-output>
        </test-method> <!-- configMethod -->
        <test-method signature="loginGuru99Demo()[pri:0, instance:seleniumMaven.testMaven.loginPageTest@4efc180e]" started-at="2022-11-29T00:51:40 IST" name="loginGuru99Demo" finished-at="2022-11-29T00:51:44 IST" duration-ms="3678" status="PASS">
          <reporter-output>
          </reporter-output>
        </test-method> <!-- loginGuru99Demo -->
        <test-method is-config="true" signature="afterTesting()[pri:0, instance:seleniumMaven.testMaven.loginPageTest@4efc180e]" started-at="2022-11-29T00:51:44 IST" name="afterTesting" finished-at="2022-11-29T00:51:44 IST" duration-ms="253" status="PASS">
          <reporter-output>
          </reporter-output>
        </test-method> <!-- afterTesting -->
      </class> <!-- seleniumMaven.testMaven.loginPageTest -->
    </test> <!-- Default test -->
  </suite> <!-- Default suite -->
</testng-results>
